<?xml version="1.0" encoding="UTF-8"?>
<testng-results total="1" passed="1" failed="0" skipped="0">
  <reporter-output>
  </reporter-output>
  <suite started-at="2020-12-06T03:58:29Z" name="Suite1" finished-at="2020-12-06T03:58:50Z" duration-ms="21318">
    <groups>
      <group name="cucumber">
        <method signature="AbstractTestNGCucumberTests.feature(cucumber.api.testng.CucumberFeatureWrapper)[pri:0, instance:zoopla.uk.my.runner.MyRunner@1b8a29df]" name="feature" class="cucumber.api.testng.AbstractTestNGCucumberTests"/>
      </group> <!-- cucumber -->
    </groups>
    <test started-at="2020-12-06T03:58:29Z" name="Nopackage" finished-at="2020-12-06T03:58:50Z" duration-ms="21318">
      <class name="zoopla.uk.my.runner.MyRunner">
        <test-method is-config="true" signature="setUpClass()[pri:0, instance:zoopla.uk.my.runner.MyRunner@1b8a29df]" started-at="2020-12-05T22:58:29Z" name="setUpClass" finished-at="2020-12-05T22:58:29Z" duration-ms="209" status="PASS">
          <reporter-output>
          </reporter-output>
        </test-method> <!-- setUpClass -->
        <test-method signature="feature(cucumber.api.testng.CucumberFeatureWrapper)[pri:0, instance:zoopla.uk.my.runner.MyRunner@1b8a29df]" started-at="2020-12-05T22:58:29Z" name="feature" description="Runs Cucumber Feature" data-provider="features" finished-at="2020-12-05T22:58:50Z" duration-ms="20822" status="PASS">
          <params>
            <param index="0">
              <value>
                <![CDATA[Zoopla users can buy the property & sell the property]]>
              </value>
            </param>
          </params>
          <reporter-output>
          </reporter-output>
        </test-method> <!-- feature -->
        <test-method is-config="true" signature="tearDownClass()[pri:0, instance:zoopla.uk.my.runner.MyRunner@1b8a29df]" started-at="2020-12-05T22:58:50Z" name="tearDownClass" finished-at="2020-12-05T22:58:50Z" duration-ms="19" status="PASS">
          <reporter-output>
          </reporter-output>
        </test-method> <!-- tearDownClass -->
      </class> <!-- zoopla.uk.my.runner.MyRunner -->
    </test> <!-- Nopackage -->
  </suite> <!-- Suite1 -->
</testng-results>
